<?xml version="1.0" encoding="UTF-8"?>
<!-- Generated by org.testng.reporters.JUnitReportReporter -->
<testsuite skipped="0" hostname="DESKTOP-6RE4U4V" name="com.training.sanity.tests.RTTC04MYORDERS" tests="1" failures="0" timestamp="2020-08-21T14:55:57 IST" time="37.354" errors="0">
  <testcase name="MYORDERS" time="37.354" classname="com.training.sanity.tests.RTTC04MYORDERS"/>
  <system-out/>
</testsuite> <!-- com.training.sanity.tests.RTTC04MYORDERS -->
