<?xml version="1.0" encoding="UTF-8"?>
<!-- Generated by org.testng.reporters.JUnitReportReporter -->
<testsuite skipped="0" hostname="DESKTOP-6RE4U4V" name="com.training.sanity.tests.RTCC06UpdatePASSword" tests="1" failures="0" timestamp="2020-08-25T07:49:03 IST" time="41.572" errors="0">
  <testcase name="UpdatePassword" time="41.572" classname="com.training.sanity.tests.RTCC06UpdatePASSword"/>
  <system-out/>
</testsuite> <!-- com.training.sanity.tests.RTCC06UpdatePASSword -->
