<?xml version="1.0" encoding="UTF-8"?>
<!-- Generated by org.testng.reporters.JUnitReportReporter -->
<testsuite skipped="0" hostname="DESKTOP-6RE4U4V" name="com.training.sanity.tests.RTC05UpdateDetails" tests="1" failures="0" timestamp="2020-08-22T23:28:52 IST" time="44.978" errors="0">
  <testcase name="UpdateDetails" time="44.978" classname="com.training.sanity.tests.RTC05UpdateDetails"/>
  <system-out/>
</testsuite> <!-- com.training.sanity.tests.RTC05UpdateDetails -->
